2024.07.06 15:59:30 INFO  Started: Metals version 1.3.2 in folders '/Users/krits/Documents/GitHub/Functional-and-Parallel-Programming-Project' for client Visual Studio Code 1.91.0.
SLF4J(W): Class path contains multiple SLF4J providers.
SLF4J(W): Found provider [scribe.slf4j.ScribeServiceProvider@eafc8b]
SLF4J(W): Found provider [ch.qos.logback.classic.spi.LogbackServiceProvider@e28990d]
SLF4J(W): See https://www.slf4j.org/codes.html#multiple_bindings for an explanation.
SLF4J(I): Actual provider is of type [scribe.slf4j.ScribeServiceProvider@eafc8b]
2024.07.06 15:59:32 WARN  Flyway upgrade recommended: H2 2.2.224 is newer than this version of Flyway and support has not been tested. The latest supported version of H2 is 2.2.220.
2024.07.06 15:59:32 INFO  Attempting to connect to the build server...
2024.07.06 15:59:42 INFO  tracing is disabled for protocol BSP, to enable tracing of incoming and outgoing JSON messages create an empty file at /Users/krits/Documents/GitHub/Functional-and-Parallel-Programming-Project/.metals/bsp.trace.json or /Users/krits/Library/Caches/org.scalameta.metals/bsp.trace.json
2024.07.06 15:59:45 INFO  time: Connected to build server in 13s
2024.07.06 15:59:45 INFO  Connected to Build server: Bloop v1.5.18
2024.07.06 15:59:46 INFO  time: Imported build in 0.18s
2024.07.06 15:59:52 INFO  time: indexed workspace in 6.1s
2024.07.06 15:59:52 WARN  no build target for: /Users/krits/Documents/GitHub/Functional-and-Parallel-Programming-Project/Sequential/src/main/scala/FutoshikiSolver.scala
2024.07.06 16:01:00 INFO  no build target found for /Users/krits/Documents/GitHub/Functional-and-Parallel-Programming-Project/Sequential/src/main/scala/FutoshikiSolver.scala. Using presentation compiler with project's scala-library version: 3.3.3
2024.07.06 16:01:00 INFO  no build target found for /Users/krits/Documents/GitHub/Functional-and-Parallel-Programming-Project/Sequential/src/main/scala/FutoshikiSolver.scala. Using presentation compiler with project's scala-library version: 3.3.3
2024.07.06 16:01:02 INFO  time: code lens generation in 2.28s
2024.07.06 16:01:02 INFO  time: code lens generation in 2.28s
2024.07.06 17:31:21 INFO  no build target found for /Users/krits/Documents/GitHub/Functional-and-Parallel-Programming-Project/Sequential/src/main/scala/FutoshikiSolver.scala. Using presentation compiler with project's scala-library version: 3.3.3
2024.07.06 17:31:21 INFO  no build target found for /Users/krits/Documents/GitHub/Functional-and-Parallel-Programming-Project/Sequential/src/main/scala/FutoshikiSolver.scala. Using presentation compiler with project's scala-library version: 3.3.3
2024.07.07 14:01:19 INFO  no build target found for /Users/krits/Documents/GitHub/Functional-and-Parallel-Programming-Project/Sequential/src/main/scala/FutoshikiSolver.scala. Using presentation compiler with project's scala-library version: 3.3.3
Jul 07, 2024 2:01:24 PM org.eclipse.lsp4j.jsonrpc.services.GenericEndpoint notify
INFO: Unsupported notification method: $/setTrace
2024.07.07 14:01:26 INFO  no build target found for /Users/krits/Documents/GitHub/Functional-and-Parallel-Programming-Project/Sequential/src/main/scala/FutoshikiSolver.scala. Using presentation compiler with project's scala-library version: 3.3.3
2024.07.07 14:01:27 INFO  no build target found for /Users/krits/Documents/GitHub/Functional-and-Parallel-Programming-Project/Sequential/src/main/scala/FutoshikiSolver.scala. Using presentation compiler with project's scala-library version: 3.3.3
2024.07.07 14:03:41 INFO  no build target found for /Users/krits/Documents/GitHub/Functional-and-Parallel-Programming-Project/Sequential/src/main/scala/FutoshikiSolver.scala. Using presentation compiler with project's scala-library version: 3.3.3
2024.07.07 14:04:37 INFO  no build target found for /Users/krits/Documents/GitHub/Functional-and-Parallel-Programming-Project/Sequential/src/main/scala/FutoshikiSolver.scala. Using presentation compiler with project's scala-library version: 3.3.3
2024.07.07 14:42:37 INFO  no build target found for /Users/krits/Documents/GitHub/Functional-and-Parallel-Programming-Project/Sequential/src/main/scala/FutoshikiSolver.scala. Using presentation compiler with project's scala-library version: 3.3.3
2024.07.07 14:42:47 INFO  no build target found for /Users/krits/Documents/GitHub/Functional-and-Parallel-Programming-Project/Sequential/src/main/scala/FutoshikiSolver.scala. Using presentation compiler with project's scala-library version: 3.3.3
2024.07.07 14:42:47 INFO  no build target found for /Users/krits/Documents/GitHub/Functional-and-Parallel-Programming-Project/Sequential/src/main/scala/FutoshikiSolver.scala. Using presentation compiler with project's scala-library version: 3.3.3
2024.07.07 14:42:47 INFO  no build target found for /Users/krits/Documents/GitHub/Functional-and-Parallel-Programming-Project/Sequential/src/main/scala/FutoshikiSolver.scala. Using presentation compiler with project's scala-library version: 3.3.3
2024.07.07 14:42:57 INFO  no build target found for /Users/krits/Documents/GitHub/Functional-and-Parallel-Programming-Project/Sequential/src/main/scala/FutoshikiSolver.scala. Using presentation compiler with project's scala-library version: 3.3.3
2024.07.07 15:03:02 INFO  Shutting down server
2024.07.07 15:03:02 INFO  shutting down Metals
2024.07.07 15:03:02 INFO  Exiting server
2024.07.07 15:03:19 INFO  Started: Metals version 1.3.2 in folders '/Users/krits/Documents/GitHub/Functional-and-Parallel-Programming-Project' for client Visual Studio Code 1.91.0.
SLF4J(W): Class path contains multiple SLF4J providers.
SLF4J(W): Found provider [scribe.slf4j.ScribeServiceProvider@13caba06]
SLF4J(W): Found provider [ch.qos.logback.classic.spi.LogbackServiceProvider@66c180ff]
SLF4J(W): See https://www.slf4j.org/codes.html#multiple_bindings for an explanation.
SLF4J(I): Actual provider is of type [scribe.slf4j.ScribeServiceProvider@13caba06]
2024.07.07 15:03:19 WARN  Flyway upgrade recommended: H2 2.2.224 is newer than this version of Flyway and support has not been tested. The latest supported version of H2 is 2.2.220.
2024.07.07 15:03:20 INFO  Attempting to connect to the build server...
2024.07.07 15:03:22 INFO  tracing is disabled for protocol BSP, to enable tracing of incoming and outgoing JSON messages create an empty file at /Users/krits/Documents/GitHub/Functional-and-Parallel-Programming-Project/.metals/bsp.trace.json or /Users/krits/Library/Caches/org.scalameta.metals/bsp.trace.json
2024.07.07 15:03:22 INFO  time: Connected to build server in 1.4s
2024.07.07 15:03:22 INFO  Connected to Build server: Bloop v1.5.18
2024.07.07 15:03:23 INFO  time: indexed workspace in 1.72s
2024.07.07 15:03:24 WARN  no build target for: /Users/krits/Documents/GitHub/Functional-and-Parallel-Programming-Project/Sequential/src/main/scala/FutoshikiSolver.scala
2024.07.07 15:03:24 INFO  no build target found for /Users/krits/Documents/GitHub/Functional-and-Parallel-Programming-Project/Sequential/src/main/scala/FutoshikiSolver.scala. Using presentation compiler with project's scala-library version: 3.3.3
2024.07.07 15:03:25 INFO  time: code lens generation in 1.12s
2024.07.07 15:03:25 INFO  time: code lens generation in 1.53s
2024.07.07 16:19:54 INFO  no build target found for /Users/krits/Documents/GitHub/Functional-and-Parallel-Programming-Project/Sequential/src/main/scala/FutoshikiSolver.scala. Using presentation compiler with project's scala-library version: 3.3.3
2024.07.07 16:19:55 INFO  no build target found for /Users/krits/Documents/GitHub/Functional-and-Parallel-Programming-Project/Sequential/src/main/scala/Main.scala. Using presentation compiler with project's scala-library version: 3.3.3
2024.07.07 16:19:57 INFO  no build target found for /Users/krits/Documents/GitHub/Functional-and-Parallel-Programming-Project/Sequential/src/main/scala/validityCheck.scala. Using presentation compiler with project's scala-library version: 3.3.3
2024.07.07 16:20:04 INFO  no build target found for /Users/krits/Documents/GitHub/Functional-and-Parallel-Programming-Project/Sequential/src/main/scala/validityCheck.scala. Using presentation compiler with project's scala-library version: 3.3.3
2024.07.07 16:52:45 INFO  no build target found for /Users/krits/Documents/GitHub/Functional-and-Parallel-Programming-Project/Sequential/src/main/scala/Main.scala. Using presentation compiler with project's scala-library version: 3.3.3
2024.07.07 16:52:52 INFO  no build target found for /Users/krits/Documents/GitHub/Functional-and-Parallel-Programming-Project/Sequential/src/main/scala/Main.scala. Using presentation compiler with project's scala-library version: 3.3.3
2024.07.07 19:14:37 INFO  no build target found for /Users/krits/Documents/GitHub/Functional-and-Parallel-Programming-Project/Sequential/src/main/scala/Main.scala. Using presentation compiler with project's scala-library version: 3.3.3
Jul 10, 2024 2:55:41 PM org.eclipse.lsp4j.jsonrpc.RemoteEndpoint handleCancellation
WARNING: Unmatched cancel notification for request id 111
2024.07.10 14:55:46 INFO  no build target found for /Users/krits/Documents/GitHub/Functional-and-Parallel-Programming-Project/Sequential/src/main/scala/Main.scala. Using presentation compiler with project's scala-library version: 3.3.3
2024.07.10 14:56:05 INFO  no build target found for /Users/krits/Documents/GitHub/Functional-and-Parallel-Programming-Project/Sequential/src/main/scala/FutoshikiSolver.scala. Using presentation compiler with project's scala-library version: 3.3.3
2024.07.10 14:56:07 INFO  no build target found for /Users/krits/Documents/GitHub/Functional-and-Parallel-Programming-Project/Sequential/src/main/scala/FutoshikiSolver.scala. Using presentation compiler with project's scala-library version: 3.3.3
2024.07.10 14:56:07 INFO  no build target found for /Users/krits/Documents/GitHub/Functional-and-Parallel-Programming-Project/Sequential/src/main/scala/FutoshikiSolver.scala. Using presentation compiler with project's scala-library version: 3.3.3
2024.07.10 14:56:34 INFO  no build target found for /Users/krits/Documents/GitHub/Functional-and-Parallel-Programming-Project/Sequential/src/main/scala/FutoshikiSolver.scala. Using presentation compiler with project's scala-library version: 3.3.3
2024.07.10 14:56:36 INFO  no build target found for /Users/krits/Documents/GitHub/Functional-and-Parallel-Programming-Project/Sequential/src/main/scala/FutoshikiSolver.scala. Using presentation compiler with project's scala-library version: 3.3.3
2024.07.10 14:56:39 INFO  no build target found for /Users/krits/Documents/GitHub/Functional-and-Parallel-Programming-Project/Sequential/src/main/scala/FutoshikiSolver.scala. Using presentation compiler with project's scala-library version: 3.3.3
2024.07.10 14:56:40 INFO  no build target found for /Users/krits/Documents/GitHub/Functional-and-Parallel-Programming-Project/Sequential/src/main/scala/FutoshikiSolver.scala. Using presentation compiler with project's scala-library version: 3.3.3
2024.07.10 14:56:40 INFO  no build target found for /Users/krits/Documents/GitHub/Functional-and-Parallel-Programming-Project/Sequential/src/main/scala/FutoshikiSolver.scala. Using presentation compiler with project's scala-library version: 3.3.3
2024.07.10 14:56:41 INFO  no build target found for /Users/krits/Documents/GitHub/Functional-and-Parallel-Programming-Project/Sequential/src/main/scala/FutoshikiSolver.scala. Using presentation compiler with project's scala-library version: 3.3.3
2024.07.10 14:56:40 INFO  no build target found for /Users/krits/Documents/GitHub/Functional-and-Parallel-Programming-Project/Sequential/src/main/scala/FutoshikiSolver.scala. Using presentation compiler with project's scala-library version: 3.3.3
2024.07.10 14:56:42 INFO  no build target found for /Users/krits/Documents/GitHub/Functional-and-Parallel-Programming-Project/Sequential/src/main/scala/FutoshikiSolver.scala. Using presentation compiler with project's scala-library version: 3.3.3
2024.07.10 14:56:43 WARN  no build target for: /Users/krits/Documents/GitHub/Functional-and-Parallel-Programming-Project/Sequential/src/main/scala/FutoshikiSolver.scala
2024.07.10 14:56:44 INFO  no build target found for /Users/krits/Documents/GitHub/Functional-and-Parallel-Programming-Project/Sequential/src/main/scala/FutoshikiSolver.scala. Using presentation compiler with project's scala-library version: 3.3.3
2024.07.10 14:56:44 INFO  no build target found for /Users/krits/Documents/GitHub/Functional-and-Parallel-Programming-Project/Sequential/src/main/scala/FutoshikiSolver.scala. Using presentation compiler with project's scala-library version: 3.3.3
2024.07.10 14:56:44 INFO  no build target found for /Users/krits/Documents/GitHub/Functional-and-Parallel-Programming-Project/Sequential/src/main/scala/FutoshikiSolver.scala. Using presentation compiler with project's scala-library version: 3.3.3
2024.07.10 14:56:44 INFO  no build target found for /Users/krits/Documents/GitHub/Functional-and-Parallel-Programming-Project/Sequential/src/main/scala/FutoshikiSolver.scala. Using presentation compiler with project's scala-library version: 3.3.3
2024.07.10 14:56:44 INFO  no build target found for /Users/krits/Documents/GitHub/Functional-and-Parallel-Programming-Project/Sequential/src/main/scala/FutoshikiSolver.scala. Using presentation compiler with project's scala-library version: 3.3.3
2024.07.10 14:56:45 INFO  no build target found for /Users/krits/Documents/GitHub/Functional-and-Parallel-Programming-Project/Sequential/src/main/scala/FutoshikiSolver.scala. Using presentation compiler with project's scala-library version: 3.3.3
2024.07.10 14:56:45 INFO  no build target found for /Users/krits/Documents/GitHub/Functional-and-Parallel-Programming-Project/Sequential/src/main/scala/FutoshikiSolver.scala. Using presentation compiler with project's scala-library version: 3.3.3
2024.07.10 14:56:45 INFO  no build target found for /Users/krits/Documents/GitHub/Functional-and-Parallel-Programming-Project/Sequential/src/main/scala/FutoshikiSolver.scala. Using presentation compiler with project's scala-library version: 3.3.3
2024.07.10 14:56:46 INFO  no build target found for /Users/krits/Documents/GitHub/Functional-and-Parallel-Programming-Project/Sequential/src/main/scala/FutoshikiSolver.scala. Using presentation compiler with project's scala-library version: 3.3.3
2024.07.10 14:56:45 INFO  no build target found for /Users/krits/Documents/GitHub/Functional-and-Parallel-Programming-Project/Sequential/src/main/scala/FutoshikiSolver.scala. Using presentation compiler with project's scala-library version: 3.3.3
2024.07.10 14:56:47 INFO  no build target found for /Users/krits/Documents/GitHub/Functional-and-Parallel-Programming-Project/Sequential/src/main/scala/FutoshikiSolver.scala. Using presentation compiler with project's scala-library version: 3.3.3
2024.07.10 14:56:47 WARN  no build target for: /Users/krits/Documents/GitHub/Functional-and-Parallel-Programming-Project/Sequential/src/main/scala/FutoshikiSolver.scala
2024.07.10 14:56:48 INFO  no build target found for /Users/krits/Documents/GitHub/Functional-and-Parallel-Programming-Project/Sequential/src/main/scala/FutoshikiSolver.scala. Using presentation compiler with project's scala-library version: 3.3.3
2024.07.10 14:56:48 INFO  no build target found for /Users/krits/Documents/GitHub/Functional-and-Parallel-Programming-Project/Sequential/src/main/scala/FutoshikiSolver.scala. Using presentation compiler with project's scala-library version: 3.3.3
2024.07.10 14:56:48 INFO  no build target found for /Users/krits/Documents/GitHub/Functional-and-Parallel-Programming-Project/Sequential/src/main/scala/FutoshikiSolver.scala. Using presentation compiler with project's scala-library version: 3.3.3
2024.07.10 14:56:48 WARN  no build target for: /Users/krits/Documents/GitHub/Functional-and-Parallel-Programming-Project/Sequential/src/main/scala/FutoshikiSolver.scala
2024.07.10 14:56:50 INFO  no build target found for /Users/krits/Documents/GitHub/Functional-and-Parallel-Programming-Project/Sequential/src/main/scala/FutoshikiSolver.scala. Using presentation compiler with project's scala-library version: 3.3.3
2024.07.10 14:56:50 INFO  no build target found for /Users/krits/Documents/GitHub/Functional-and-Parallel-Programming-Project/Sequential/src/main/scala/FutoshikiSolver.scala. Using presentation compiler with project's scala-library version: 3.3.3
2024.07.10 14:56:51 WARN  no build target for: /Users/krits/Documents/GitHub/Functional-and-Parallel-Programming-Project/Sequential/src/main/scala/FutoshikiSolver.scala
2024.07.10 14:56:51 INFO  no build target found for /Users/krits/Documents/GitHub/Functional-and-Parallel-Programming-Project/Sequential/src/main/scala/FutoshikiSolver.scala. Using presentation compiler with project's scala-library version: 3.3.3
2024.07.10 14:56:52 INFO  no build target found for /Users/krits/Documents/GitHub/Functional-and-Parallel-Programming-Project/Sequential/src/main/scala/FutoshikiSolver.scala. Using presentation compiler with project's scala-library version: 3.3.3
2024.07.10 14:56:52 WARN  no build target for: /Users/krits/Documents/GitHub/Functional-and-Parallel-Programming-Project/Sequential/src/main/scala/FutoshikiSolver.scala
2024.07.10 14:56:53 INFO  no build target found for /Users/krits/Documents/GitHub/Functional-and-Parallel-Programming-Project/Sequential/src/main/scala/FutoshikiSolver.scala. Using presentation compiler with project's scala-library version: 3.3.3
2024.07.10 14:56:53 INFO  no build target found for /Users/krits/Documents/GitHub/Functional-and-Parallel-Programming-Project/Sequential/src/main/scala/FutoshikiSolver.scala. Using presentation compiler with project's scala-library version: 3.3.3
2024.07.10 14:56:54 WARN  no build target for: /Users/krits/Documents/GitHub/Functional-and-Parallel-Programming-Project/Sequential/src/main/scala/FutoshikiSolver.scala
2024.07.10 14:56:55 INFO  no build target found for /Users/krits/Documents/GitHub/Functional-and-Parallel-Programming-Project/Sequential/src/main/scala/FutoshikiSolver.scala. Using presentation compiler with project's scala-library version: 3.3.3
2024.07.10 14:56:55 INFO  no build target found for /Users/krits/Documents/GitHub/Functional-and-Parallel-Programming-Project/Sequential/src/main/scala/FutoshikiSolver.scala. Using presentation compiler with project's scala-library version: 3.3.3
2024.07.10 14:56:56 INFO  no build target found for /Users/krits/Documents/GitHub/Functional-and-Parallel-Programming-Project/Sequential/src/main/scala/FutoshikiSolver.scala. Using presentation compiler with project's scala-library version: 3.3.3
2024.07.10 14:56:56 INFO  no build target found for /Users/krits/Documents/GitHub/Functional-and-Parallel-Programming-Project/Sequential/src/main/scala/FutoshikiSolver.scala. Using presentation compiler with project's scala-library version: 3.3.3
2024.07.10 14:56:57 WARN  no build target for: /Users/krits/Documents/GitHub/Functional-and-Parallel-Programming-Project/Sequential/src/main/scala/FutoshikiSolver.scala
2024.07.10 14:57:00 INFO  no build target found for /Users/krits/Documents/GitHub/Functional-and-Parallel-Programming-Project/Sequential/src/main/scala/FutoshikiSolver.scala. Using presentation compiler with project's scala-library version: 3.3.3
2024.07.10 14:57:00 INFO  no build target found for /Users/krits/Documents/GitHub/Functional-and-Parallel-Programming-Project/Sequential/src/main/scala/FutoshikiSolver.scala. Using presentation compiler with project's scala-library version: 3.3.3
2024.07.10 14:57:00 INFO  no build target found for /Users/krits/Documents/GitHub/Functional-and-Parallel-Programming-Project/Sequential/src/main/scala/FutoshikiSolver.scala. Using presentation compiler with project's scala-library version: 3.3.3
2024.07.10 14:57:00 INFO  no build target found for /Users/krits/Documents/GitHub/Functional-and-Parallel-Programming-Project/Sequential/src/main/scala/FutoshikiSolver.scala. Using presentation compiler with project's scala-library version: 3.3.3
Jul 10, 2024 2:57:01 PM org.eclipse.lsp4j.jsonrpc.RemoteEndpoint handleCancellation
WARNING: Unmatched cancel notification for request id 295
2024.07.10 14:57:01 INFO  no build target found for /Users/krits/Documents/GitHub/Functional-and-Parallel-Programming-Project/Sequential/src/main/scala/FutoshikiSolver.scala. Using presentation compiler with project's scala-library version: 3.3.3
2024.07.10 14:57:02 INFO  no build target found for /Users/krits/Documents/GitHub/Functional-and-Parallel-Programming-Project/Sequential/src/main/scala/FutoshikiSolver.scala. Using presentation compiler with project's scala-library version: 3.3.3
2024.07.10 14:57:02 WARN  no build target for: /Users/krits/Documents/GitHub/Functional-and-Parallel-Programming-Project/Sequential/src/main/scala/FutoshikiSolver.scala
2024.07.10 14:57:03 INFO  no build target found for /Users/krits/Documents/GitHub/Functional-and-Parallel-Programming-Project/Sequential/src/main/scala/FutoshikiSolver.scala. Using presentation compiler with project's scala-library version: 3.3.3
2024.07.10 14:57:03 INFO  no build target found for /Users/krits/Documents/GitHub/Functional-and-Parallel-Programming-Project/Sequential/src/main/scala/FutoshikiSolver.scala. Using presentation compiler with project's scala-library version: 3.3.3
2024.07.10 14:57:03 INFO  no build target found for /Users/krits/Documents/GitHub/Functional-and-Parallel-Programming-Project/Sequential/src/main/scala/FutoshikiSolver.scala. Using presentation compiler with project's scala-library version: 3.3.3
2024.07.10 14:57:05 INFO  no build target found for /Users/krits/Documents/GitHub/Functional-and-Parallel-Programming-Project/Sequential/src/main/scala/FutoshikiSolver.scala. Using presentation compiler with project's scala-library version: 3.3.3
2024.07.10 14:57:05 INFO  no build target found for /Users/krits/Documents/GitHub/Functional-and-Parallel-Programming-Project/Sequential/src/main/scala/FutoshikiSolver.scala. Using presentation compiler with project's scala-library version: 3.3.3
2024.07.10 14:57:05 INFO  no build target found for /Users/krits/Documents/GitHub/Functional-and-Parallel-Programming-Project/Sequential/src/main/scala/FutoshikiSolver.scala. Using presentation compiler with project's scala-library version: 3.3.3
2024.07.10 14:57:06 WARN  no build target for: /Users/krits/Documents/GitHub/Functional-and-Parallel-Programming-Project/Sequential/src/main/scala/FutoshikiSolver.scala
2024.07.10 14:57:13 INFO  no build target found for /Users/krits/Documents/GitHub/Functional-and-Parallel-Programming-Project/Sequential/src/main/scala/FutoshikiSolver.scala. Using presentation compiler with project's scala-library version: 3.3.3
2024.07.10 14:57:14 INFO  no build target found for /Users/krits/Documents/GitHub/Functional-and-Parallel-Programming-Project/Sequential/src/main/scala/FutoshikiSolver.scala. Using presentation compiler with project's scala-library version: 3.3.3
2024.07.10 14:57:14 WARN  no build target for: /Users/krits/Documents/GitHub/Functional-and-Parallel-Programming-Project/Sequential/src/main/scala/FutoshikiSolver.scala
2024.07.10 14:57:29 INFO  no build target found for /Users/krits/Documents/GitHub/Functional-and-Parallel-Programming-Project/Sequential/src/main/scala/FutoshikiSolver.scala. Using presentation compiler with project's scala-library version: 3.3.3
2024.07.10 14:57:45 INFO  no build target found for /Users/krits/Documents/GitHub/Functional-and-Parallel-Programming-Project/Sequential/src/main/scala/Main.scala. Using presentation compiler with project's scala-library version: 3.3.3
2024.07.10 14:58:25 INFO  no build target found for /Users/krits/Documents/GitHub/Functional-and-Parallel-Programming-Project/Sequential/src/main/scala/Main.scala. Using presentation compiler with project's scala-library version: 3.3.3
2024.07.10 14:58:26 INFO  no build target found for /Users/krits/Documents/GitHub/Functional-and-Parallel-Programming-Project/Sequential/src/main/scala/validityCheck.scala. Using presentation compiler with project's scala-library version: 3.3.3
2024.07.10 14:58:28 INFO  no build target found for /Users/krits/Documents/GitHub/Functional-and-Parallel-Programming-Project/Sequential/src/main/scala/Main.scala. Using presentation compiler with project's scala-library version: 3.3.3
2024.07.10 14:58:33 INFO  no build target found for /Users/krits/Documents/GitHub/Functional-and-Parallel-Programming-Project/Sequential/src/main/scala/Main.scala. Using presentation compiler with project's scala-library version: 3.3.3
2024.07.10 14:58:33 INFO  no build target found for /Users/krits/Documents/GitHub/Functional-and-Parallel-Programming-Project/Sequential/src/main/scala/Main.scala. Using presentation compiler with project's scala-library version: 3.3.3
2024.07.10 14:58:33 INFO  no build target found for /Users/krits/Documents/GitHub/Functional-and-Parallel-Programming-Project/Sequential/src/main/scala/Main.scala. Using presentation compiler with project's scala-library version: 3.3.3
2024.07.10 14:58:34 INFO  no build target found for /Users/krits/Documents/GitHub/Functional-and-Parallel-Programming-Project/Sequential/src/main/scala/Main.scala. Using presentation compiler with project's scala-library version: 3.3.3
2024.07.10 14:58:38 INFO  no build target found for /Users/krits/Documents/GitHub/Functional-and-Parallel-Programming-Project/Sequential/src/main/scala/Main.scala. Using presentation compiler with project's scala-library version: 3.3.3
2024.07.10 14:58:39 INFO  no build target found for /Users/krits/Documents/GitHub/Functional-and-Parallel-Programming-Project/Sequential/src/main/scala/Main.scala. Using presentation compiler with project's scala-library version: 3.3.3
2024.07.10 14:58:45 INFO  no build target found for /Users/krits/Documents/GitHub/Functional-and-Parallel-Programming-Project/Sequential/src/main/scala/validityCheck.scala. Using presentation compiler with project's scala-library version: 3.3.3
2024.07.10 14:58:45 INFO  no build target found for /Users/krits/Documents/GitHub/Functional-and-Parallel-Programming-Project/Sequential/src/test/scala/MySuite.scala. Using presentation compiler with project's scala-library version: 3.3.3
2024.07.10 14:58:52 INFO  no build target found for /Users/krits/Documents/GitHub/Functional-and-Parallel-Programming-Project/Sequential/src/main/scala/Futoshiki.scala. Using presentation compiler with project's scala-library version: 3.3.3
2024.07.10 14:58:56 INFO  no build target found for /Users/krits/Documents/GitHub/Functional-and-Parallel-Programming-Project/Sequential/src/test/scala/MySuite.scala. Using presentation compiler with project's scala-library version: 3.3.3
2024.07.10 14:59:06 INFO  no build target found for /Users/krits/Documents/GitHub/Functional-and-Parallel-Programming-Project/Sequential/src/main/scala/Main.scala. Using presentation compiler with project's scala-library version: 3.3.3
2024.07.10 14:59:10 INFO  no build target found for /Users/krits/Documents/GitHub/Functional-and-Parallel-Programming-Project/Sequential/src/main/scala/Main.scala. Using presentation compiler with project's scala-library version: 3.3.3
2024.07.10 14:59:10 INFO  no build target found for /Users/krits/Documents/GitHub/Functional-and-Parallel-Programming-Project/Sequential/src/main/scala/Main.scala. Using presentation compiler with project's scala-library version: 3.3.3
2024.07.10 14:59:10 INFO  no build target found for /Users/krits/Documents/GitHub/Functional-and-Parallel-Programming-Project/Sequential/src/main/scala/Main.scala. Using presentation compiler with project's scala-library version: 3.3.3
2024.07.10 14:59:11 WARN  no build target for: /Users/krits/Documents/GitHub/Functional-and-Parallel-Programming-Project/Sequential/src/main/scala/Main.scala
2024.07.10 14:59:14 INFO  no build target found for /Users/krits/Documents/GitHub/Functional-and-Parallel-Programming-Project/Sequential/src/main/scala/Main.scala. Using presentation compiler with project's scala-library version: 3.3.3
2024.07.10 14:59:14 INFO  no build target found for /Users/krits/Documents/GitHub/Functional-and-Parallel-Programming-Project/Sequential/src/main/scala/Main.scala. Using presentation compiler with project's scala-library version: 3.3.3
2024.07.10 14:59:15 WARN  no build target for: /Users/krits/Documents/GitHub/Functional-and-Parallel-Programming-Project/Sequential/src/main/scala/Main.scala
2024.07.10 14:59:49 INFO  no build target found for /Users/krits/Documents/GitHub/Functional-and-Parallel-Programming-Project/Sequential/src/main/scala/Main.scala. Using presentation compiler with project's scala-library version: 3.3.3
2024.07.10 14:59:49 INFO  no build target found for /Users/krits/Documents/GitHub/Functional-and-Parallel-Programming-Project/Sequential/src/main/scala/Main.scala. Using presentation compiler with project's scala-library version: 3.3.3
2024.07.10 14:59:49 INFO  no build target found for /Users/krits/Documents/GitHub/Functional-and-Parallel-Programming-Project/Sequential/src/main/scala/Main.scala. Using presentation compiler with project's scala-library version: 3.3.3
2024.07.10 14:59:54 INFO  no build target found for /Users/krits/Documents/GitHub/Functional-and-Parallel-Programming-Project/Sequential/src/main/scala/Main.scala. Using presentation compiler with project's scala-library version: 3.3.3
2024.07.10 14:59:54 INFO  no build target found for /Users/krits/Documents/GitHub/Functional-and-Parallel-Programming-Project/Sequential/build.sbt. Using presentation compiler with project's scala-library version: 3.3.3
2024.07.10 14:59:56 INFO  no build target found for /Users/krits/Documents/GitHub/Functional-and-Parallel-Programming-Project/Sequential/build.sbt. Using presentation compiler with project's scala-library version: 3.3.3
2024.07.10 14:59:58 INFO  no build target found for /Users/krits/Documents/GitHub/Functional-and-Parallel-Programming-Project/Sequential/src/main/scala/Main.scala. Using presentation compiler with project's scala-library version: 3.3.3
2024.07.10 14:59:58 INFO  no build target found for /Users/krits/Documents/GitHub/Functional-and-Parallel-Programming-Project/Sequential/src/main/scala/Main.scala. Using presentation compiler with project's scala-library version: 3.3.3
2024.07.10 14:59:58 INFO  no build target found for /Users/krits/Documents/GitHub/Functional-and-Parallel-Programming-Project/Sequential/src/main/scala/Main.scala. Using presentation compiler with project's scala-library version: 3.3.3
2024.07.10 14:59:59 INFO  no build target found for /Users/krits/Documents/GitHub/Functional-and-Parallel-Programming-Project/Sequential/src/main/scala/Main.scala. Using presentation compiler with project's scala-library version: 3.3.3
2024.07.10 14:59:59 INFO  no build target found for /Users/krits/Documents/GitHub/Functional-and-Parallel-Programming-Project/Sequential/src/main/scala/Main.scala. Using presentation compiler with project's scala-library version: 3.3.3
2024.07.10 14:59:59 INFO  no build target found for /Users/krits/Documents/GitHub/Functional-and-Parallel-Programming-Project/Sequential/src/main/scala/Main.scala. Using presentation compiler with project's scala-library version: 3.3.3
2024.07.10 15:00:00 INFO  no build target found for /Users/krits/Documents/GitHub/Functional-and-Parallel-Programming-Project/Sequential/src/main/scala/Main.scala. Using presentation compiler with project's scala-library version: 3.3.3
2024.07.10 15:00:01 INFO  no build target found for /Users/krits/Documents/GitHub/Functional-and-Parallel-Programming-Project/Sequential/src/main/scala/Main.scala. Using presentation compiler with project's scala-library version: 3.3.3
2024.07.10 15:00:01 WARN  no build target for: /Users/krits/Documents/GitHub/Functional-and-Parallel-Programming-Project/Sequential/src/main/scala/Main.scala
2024.07.10 15:00:39 INFO  no build target found for /Users/krits/Documents/GitHub/Functional-and-Parallel-Programming-Project/Sequential/src/main/scala/Main.scala. Using presentation compiler with project's scala-library version: 3.3.3
2024.07.10 15:00:39 INFO  no build target found for /Users/krits/Documents/GitHub/Functional-and-Parallel-Programming-Project/Sequential/src/main/scala/Main.scala. Using presentation compiler with project's scala-library version: 3.3.3
2024.07.10 15:00:40 INFO  no build target found for /Users/krits/Documents/GitHub/Functional-and-Parallel-Programming-Project/Sequential/src/main/scala/Main.scala. Using presentation compiler with project's scala-library version: 3.3.3
2024.07.10 15:00:40 INFO  no build target found for /Users/krits/Documents/GitHub/Functional-and-Parallel-Programming-Project/Sequential/src/main/scala/Main.scala. Using presentation compiler with project's scala-library version: 3.3.3
2024.07.10 15:00:40 INFO  no build target found for /Users/krits/Documents/GitHub/Functional-and-Parallel-Programming-Project/Sequential/src/main/scala/Main.scala. Using presentation compiler with project's scala-library version: 3.3.3
2024.07.10 15:00:41 INFO  no build target found for /Users/krits/Documents/GitHub/Functional-and-Parallel-Programming-Project/Sequential/src/main/scala/Main.scala. Using presentation compiler with project's scala-library version: 3.3.3
2024.07.10 15:00:40 INFO  no build target found for /Users/krits/Documents/GitHub/Functional-and-Parallel-Programming-Project/Sequential/src/main/scala/Main.scala. Using presentation compiler with project's scala-library version: 3.3.3
2024.07.10 15:00:42 WARN  no build target for: /Users/krits/Documents/GitHub/Functional-and-Parallel-Programming-Project/Sequential/src/main/scala/Main.scala
2024.07.10 15:01:52 INFO  Shutting down server
2024.07.10 15:01:52 INFO  shutting down Metals
2024.07.10 15:01:52 INFO  Shut down connection with build server.
2024.07.10 15:01:52 INFO  Exiting server
2024.07.10 15:02:06 INFO  Started: Metals version 1.3.2 in folders '/Users/krits/Documents/GitHub/Functional-and-Parallel-Programming-Project' for client Visual Studio Code 1.91.0.
SLF4J(W): Class path contains multiple SLF4J providers.
SLF4J(W): Found provider [scribe.slf4j.ScribeServiceProvider@6703e677]
SLF4J(W): Found provider [ch.qos.logback.classic.spi.LogbackServiceProvider@b11fb88]
SLF4J(W): See https://www.slf4j.org/codes.html#multiple_bindings for an explanation.
SLF4J(I): Actual provider is of type [scribe.slf4j.ScribeServiceProvider@6703e677]
2024.07.10 15:02:06 WARN  Flyway upgrade recommended: H2 2.2.224 is newer than this version of Flyway and support has not been tested. The latest supported version of H2 is 2.2.220.
2024.07.10 15:02:07 INFO  Attempting to connect to the build server...
2024.07.10 15:02:07 INFO  tracing is disabled for protocol BSP, to enable tracing of incoming and outgoing JSON messages create an empty file at /Users/krits/Documents/GitHub/Functional-and-Parallel-Programming-Project/.metals/bsp.trace.json or /Users/krits/Library/Caches/org.scalameta.metals/bsp.trace.json
2024.07.10 15:02:08 INFO  time: Connected to build server in 0.94s
2024.07.10 15:02:08 INFO  Connected to Build server: Bloop v1.5.18
2024.07.10 15:02:14 INFO  no build target found for /Users/krits/Documents/GitHub/Functional-and-Parallel-Programming-Project/Sequential/src/main/scala/Main.scala. Using presentation compiler with project's scala-library version: 3.3.3
2024.07.10 15:02:15 INFO  time: indexed workspace in 7.35s
2024.07.10 15:02:15 WARN  no build target for: /Users/krits/Documents/GitHub/Functional-and-Parallel-Programming-Project/Sequential/src/main/scala/Main.scala
2024.07.10 15:02:15 INFO  no build target found for /Users/krits/Documents/GitHub/Functional-and-Parallel-Programming-Project/Sequential/src/main/scala/Main.scala. Using presentation compiler with project's scala-library version: 3.3.3
2024.07.10 15:02:40 INFO  no build target found for /Users/krits/Documents/GitHub/Functional-and-Parallel-Programming-Project/Sequential/src/main/scala/Main.scala. Using presentation compiler with project's scala-library version: 3.3.3
2024.07.10 15:02:40 INFO  no build target found for /Users/krits/Documents/GitHub/Functional-and-Parallel-Programming-Project/Sequential/src/main/scala/Main.scala. Using presentation compiler with project's scala-library version: 3.3.3
2024.07.10 15:02:45 INFO  no build target found for /Users/krits/Documents/GitHub/Functional-and-Parallel-Programming-Project/Sequential/build.sbt. Using presentation compiler with project's scala-library version: 3.3.3
2024.07.10 15:02:46 INFO  no build target found for /Users/krits/Documents/GitHub/Functional-and-Parallel-Programming-Project/Sequential/build.sbt. Using presentation compiler with project's scala-library version: 3.3.3
2024.07.10 15:02:47 INFO  no build target found for /Users/krits/Documents/GitHub/Functional-and-Parallel-Programming-Project/Sequential/build.sbt. Using presentation compiler with project's scala-library version: 3.3.3
2024.07.10 15:02:50 INFO  no build target found for /Users/krits/Documents/GitHub/Functional-and-Parallel-Programming-Project/Sequential/src/main/scala/FutoshikiSolver.scala. Using presentation compiler with project's scala-library version: 3.3.3
2024.07.10 15:02:50 INFO  no build target found for /Users/krits/Documents/GitHub/Functional-and-Parallel-Programming-Project/Sequential/src/main/scala/FutoshikiSolver.scala. Using presentation compiler with project's scala-library version: 3.3.3
2024.07.10 15:02:59 INFO  no build target found for /Users/krits/Documents/GitHub/Functional-and-Parallel-Programming-Project/Sequential/src/main/scala/FutoshikiSolver.scala. Using presentation compiler with project's scala-library version: 3.3.3
